<?xml version="1.0" encoding="UTF-8"?>
<!-- Generated by org.testng.reporters.JUnitReportReporter -->
<testsuite skipped="0" hostname="DESKTOP-I50CL1O" name="org.testassured.DeleteMethod" tests="1" failures="0" timestamp="07 Dec 2020 09:04:41 GMT" time="31.478" errors="0">
  <testcase name="get" time="31.478" classname="org.testassured.DeleteMethod"/>
</testsuite> <!-- org.testassured.DeleteMethod -->
