<?xml version="1.0" encoding="UTF-8"?>
<!-- Generated by org.testng.reporters.JUnitReportReporter -->
<testsuite skipped="0" hostname="DESKTOP-I50CL1O" name="org.testassured.Sample" tests="2" failures="0" timestamp="07 Dec 2020 09:03:11 GMT" time="58.450" errors="0">
  <testcase name="GetTest" time="54.862" classname="org.testassured.Sample"/>
  <testcase name="PostTest" time="3.588" classname="org.testassured.Sample"/>
</testsuite> <!-- org.testassured.Sample -->
