<?xml version="1.0" encoding="UTF-8"?>
<!-- Generated by org.testng.reporters.JUnitReportReporter -->
<testsuite skipped="0" hostname="DESKTOP-I50CL1O" name="org.testassured.PostAssured" tests="1" failures="0" timestamp="04 Dec 2020 08:55:16 GMT" time="13.926" errors="0">
  <testcase name="PostMethod" time="13.926" classname="org.testassured.PostAssured"/>
</testsuite> <!-- org.testassured.PostAssured -->
