<?xml version="1.0" encoding="UTF-8"?>
<!-- Generated by org.testng.reporters.JUnitReportReporter -->
<testsuite skipped="0" hostname="DESKTOP-I50CL1O" name="org.testassured.GetAssured" tests="1" failures="0" timestamp="04 Dec 2020 05:11:03 GMT" time="17.941" errors="0">
  <testcase name="testResponse" time="17.941" classname="org.testassured.GetAssured"/>
</testsuite> <!-- org.testassured.GetAssured -->
