<?xml version="1.0" encoding="UTF-8"?>
<!-- Generated by org.testng.reporters.JUnitReportReporter -->
<testsuite skipped="0" hostname="DESKTOP-I50CL1O" name="org.execution.TestRestAssured" tests="2" failures="0" timestamp="11 Jan 2021 10:09:44 GMT" time="19.181" errors="0">
  <testcase name="get" time="17.297" classname="org.execution.TestRestAssured"/>
  <testcase name="testing" time="1.884" classname="org.execution.TestRestAssured"/>
</testsuite> <!-- org.execution.TestRestAssured -->
