<?xml version="1.0" encoding="UTF-8"?>
<!-- Generated by org.testng.reporters.JUnitReportReporter -->
<testsuite skipped="0" hostname="DESKTOP-I50CL1O" name="org.execution.TestRestAssured" tests="2" failures="0" timestamp="14 Dec 2020 11:41:22 GMT" time="16.659" errors="0">
  <testcase name="get" time="15.142" classname="org.execution.TestRestAssured"/>
  <testcase name="testing" time="1.517" classname="org.execution.TestRestAssured"/>
</testsuite> <!-- org.execution.TestRestAssured -->
